<?xml version="1.0" encoding="UTF-8"?>
<!-- Generated by org.testng.reporters.JUnitXMLReporter -->
<testsuite ignored="0" hostname="DESKTOP-RPIIGQL" failures="0" tests="3" name="Test" time="0.109" errors="0" timestamp="2021-08-29T19:50:59 EDT">
  <testcase classname="com.envision.basic.java.Day2" name="Demo2" time="0.014"/>
  <testcase classname="com.envision.basic.java.Day2" name="Demo3" time="0.002"/>
  <testcase classname="com.envision.basic.java.Day3" name="ploan" time="0.004"/>
</testsuite> <!-- Test -->
