<?xml version="1.0" encoding="UTF-8"?>
<!-- Generated by org.testng.reporters.JUnitXMLReporter -->
<testsuite ignored="0" hostname="DESKTOP-RPIIGQL" failures="0" tests="3" name="Personal Loan" time="0.088" errors="0" timestamp="2021-08-29T19:54:15 EDT">
  <testcase classname="com.envision.basic.java.Day2" name="Demo2" time="0.012"/>
  <testcase classname="com.envision.basic.java.Day2" name="Demo3" time="0.001"/>
  <testcase classname="com.envision.basic.java.Day3" name="ploan" time="0.002"/>
</testsuite> <!-- Personal Loan -->
